[14May2025 00:00:02.185] [Netty Epoll Server IO #1/WARN] [mixin/]: @ModifyConstant conflict. Skipping packetfixer.common.mixins.json:PacketEncoderMixin->@ModifyConstant::newSize(I)I with priority 1000, already redirected by connectivity.mixins.json:PacketEncoderMixin->@ModifyConstant::modifyLimit(ILio/netty/channel/ChannelHandlerContext;Lnet/minecraft/network/protocol/Packet;Lio/netty/buffer/ByteBuf;)I with priority 1000
[14May2025 00:00:02.286] [Netty Epoll Server IO #1/INFO] [mixin/]: Mixing server.MixinServerboundChatCommandPacket from mixins/common/nochatreports.mixins.json into net.minecraft.network.protocol.game.ServerboundChatCommandPacket
[14May2025 00:00:02.288] [Netty Epoll Server IO #1/INFO] [mixin/]: Mixing server.MixinServerboundChatPacket from mixins/common/nochatreports.mixins.json into net.minecraft.network.protocol.game.ServerboundChatPacket
[14May2025 00:00:02.289] [Netty Epoll Server IO #1/INFO] [mixin/]: Mixing server.MixinServerboundChatSessionUpdatePacket from mixins/common/nochatreports.mixins.json into net.minecraft.network.protocol.game.ServerboundChatSessionUpdatePacket
[14May2025 00:00:21.710] [Server thread/INFO] [net.minecraft.server.players.PlayerList/]: elixgamer_2006[/127.54.208.72:49111] logged in with entity id 507 at (4132.656816021638, 71.0, -18.700751864865495)
[14May2025 00:00:21.813] [Server thread/INFO] [Modonomicon/]: Building books ...
[14May2025 00:00:21.818] [Server thread/INFO] [Modonomicon/]: Books built.
[14May2025 00:00:22.060] [Netty Epoll Server IO #2/INFO] [immersiveengineering/]: Recipes for potions: apotheosis:strong_wither, minecraft:slowness, ars_nouveau:spell_damage_potion_strong, minecraft:strong_turtle_master, apotheosis:vitality, minecraft:strong_swiftness, minecraft:long_poison, minecraft:regeneration, apotheosis:long_sundering, ars_nouveau:freezing_potion, ars_nouveau:shielding_potion, tombstone:spectral, minecraft:invisibility, minecraft:water, apotheosis:grievous, ars_nouveau:recovery_potion_strong, ars_nouveau:blasting_potion_strong, minecraft:long_slow_falling, apotheosis:long_fatigue, minecraft:strong_regeneration, ars_nouveau:recovery_potion_long, ars_elemental:shock_potion, minecraft:strong_slowness, minecraft:strong_harming, minecraft:harming, apotheosis:extra_long_flying, minecraft:water_breathing, minecraft:healing, ars_nouveau:shielding_potion_long, minecraft:strength, minecraft:long_fire_resistance, apotheosis:strong_grievous, ars_nouveau:spell_damage_potion, apotheosis:absorption, minecraft:poison, apotheosis:haste, minecraft:slow_falling, apotheosis:long_wither, apotheosis:strong_knowledge, apotheosis:strong_absorption, ars_nouveau:recovery_potion, minecraft:long_slowness, apotheosis:long_flying, minecraft:fire_resistance, ars_nouveau:blasting_potion_long, minecraft:strong_poison, ars_nouveau:mana_regen_potion_long, minecraft:long_leaping, minecraft:leaping, minecraft:long_strength, apotheosis:fatigue, ars_nouveau:spell_damage_potion_long, minecraft:long_invisibility, apotheosis:long_absorption, ars_nouveau:mana_regen_potion_strong, apotheosis:wither, apotheosis:long_vitality, minecraft:swiftness, apotheosis:strong_fatigue, minecraft:strong_leaping, minecraft:weakness, minecraft:luck, minecraft:turtle_master, apotheosis:strong_vitality, apotheosis:long_grievous, apotheosis:resistance, ars_elemental:enderference_potion, apotheosis:strong_resistance, ars_elemental:shock_potion_long, apotheosis:knowledge, apotheosis:long_knowledge, minecraft:strong_healing, apotheosis:levitation, ars_nouveau:blasting_potion, ars_nouveau:freezing_potion_long, ars_nouveau:shielding_potion_strong, ars_nouveau:freezing_potion_strong, apotheosis:long_haste, minecraft:strong_strength, ars_elemental:enderference_potion_long, apotheosis:flying, minecraft:long_swiftness, minecraft:long_water_breathing, minecraft:long_turtle_master, minecraft:long_weakness, apotheosis:strong_haste, ars_nouveau:mana_regen_potion, apotheosis:strong_sundering, minecraft:awkward, apotheosis:sundering, apotheosis:long_resistance, minecraft:long_night_vision, minecraft:long_regeneration, minecraft:night_vision
[14May2025 00:00:22.085] [Server thread/INFO] [net.minecraft.server.MinecraftServer/]: elixgamer_2006 joined the game
[14May2025 00:00:22.961] [Server thread/INFO] [Jade/]: Syncing config to elixgamer_2006 (26b56631-abf4-3df4-80f8-6855a26f9145)
[14May2025 00:00:23.014] [Server thread/INFO] [de.melanx.skyblockbuilder.SkyblockBuilder/]: Cached profiles: 4 (-1 unused), uncached profiles: 0, total profiles: 5
[14May2025 00:00:25.335] [Server thread/WARN] [net.minecraft.server.MinecraftServer/]: Can't keep up! Is the server overloaded? Running 3684ms or 73 ticks behind
[14May2025 00:03:34.024] [Server thread/WARN] [net.minecraft.server.network.ServerGamePacketListenerImpl/]: elixgamer_2006 moved too quickly! 0.0,398.19263605860135,0.0
[14May2025 00:03:49.743] [Server thread/INFO] [net.minecraft.server.MinecraftServer/]: elixgamer_2006 fell from a high place
[14May2025 00:03:49.818] [Server thread/INFO] [tombstone/]: The player elixgamer_2006 has successfully been saved
[14May2025 00:23:06.078] [Server thread/INFO] [net.minecraft.server.players.PlayerList/]: pepinillodelimon[/127.199.77.49:46009] logged in with entity id 647 at (4096.661793520927, 71.0, 32.92500650910632)
[14May2025 00:23:06.211] [Server thread/INFO] [net.minecraft.server.MinecraftServer/]: pepinillodelimon joined the game
[14May2025 00:23:06.389] [Server thread/INFO] [Jade/]: Syncing config to pepinillodelimon (539fca97-f351-30a9-98bc-d9028b9bf180)
[14May2025 00:23:06.392] [Server thread/INFO] [de.melanx.skyblockbuilder.SkyblockBuilder/]: Cached profiles: 4 (-1 unused), uncached profiles: 0, total profiles: 5
[14May2025 00:24:53.382] [Server thread/INFO] [net.minecraft.server.MinecraftServer/]: <pepinillodelimon> haii
[14May2025 00:25:36.107] [Server thread/INFO] [net.minecraft.server.MinecraftServer/]: <pepinillodelimon> eli
[14May2025 00:26:18.916] [Server thread/WARN] [net.minecraft.server.network.ServerGamePacketListenerImpl/]: elixgamer_2006 moved too quickly! 0.0,396.45584473808674,0.0
[14May2025 00:26:34.244] [Server thread/WARN] [net.minecraft.server.network.ServerGamePacketListenerImpl/]: elixgamer_2006 moved too quickly! 0.0,397.73944160634125,0.0
[14May2025 00:26:42.241] [Server thread/WARN] [net.minecraft.server.network.ServerGamePacketListenerImpl/]: elixgamer_2006 moved too quickly! 0.0,397.73944160634125,0.0
[14May2025 00:26:49.943] [Server thread/WARN] [net.minecraft.server.network.ServerGamePacketListenerImpl/]: elixgamer_2006 moved too quickly! 0.0,397.73944160634125,0.0
[14May2025 00:26:57.661] [Server thread/WARN] [net.minecraft.server.network.ServerGamePacketListenerImpl/]: elixgamer_2006 moved too quickly! 0.0,397.73944160634125,0.0
[14May2025 00:27:05.378] [Server thread/WARN] [net.minecraft.server.network.ServerGamePacketListenerImpl/]: elixgamer_2006 moved too quickly! 0.0,397.73944160634125,0.0
[14May2025 00:27:13.113] [Server thread/WARN] [net.minecraft.server.network.ServerGamePacketListenerImpl/]: elixgamer_2006 moved too quickly! 0.0,401.4662605878482,0.0
[14May2025 00:27:20.919] [Server thread/WARN] [net.minecraft.server.network.ServerGamePacketListenerImpl/]: elixgamer_2006 moved too quickly! 0.0,397.73944160634125,0.0
[14May2025 00:27:28.658] [Server thread/WARN] [net.minecraft.server.network.ServerGamePacketListenerImpl/]: elixgamer_2006 moved too quickly! 0.0,397.73944160634125,0.0
[14May2025 00:27:36.192] [Server thread/INFO] [net.minecraft.server.MinecraftServer/]: <pepinillodelimon> brol?
[14May2025 00:27:59.305] [Server thread/WARN] [net.minecraft.server.network.ServerGamePacketListenerImpl/]: elixgamer_2006 moved too quickly! 0.0,397.73944160634125,0.0
[14May2025 00:28:14.692] [Server thread/WARN] [net.minecraft.server.network.ServerGamePacketListenerImpl/]: elixgamer_2006 moved too quickly! 0.0,401.4662605878482,0.0
[14May2025 00:28:22.450] [Server thread/WARN] [net.minecraft.server.network.ServerGamePacketListenerImpl/]: elixgamer_2006 moved too quickly! 0.0,397.73944160634125,0.0
[14May2025 00:28:37.842] [Server thread/WARN] [net.minecraft.server.network.ServerGamePacketListenerImpl/]: elixgamer_2006 moved too quickly! 0.0,401.4662605878482,0.0
[14May2025 00:28:45.728] [Server thread/WARN] [net.minecraft.server.network.ServerGamePacketListenerImpl/]: elixgamer_2006 moved too quickly! 0.0,397.73944160634125,0.0
[14May2025 00:28:53.476] [Server thread/WARN] [net.minecraft.server.network.ServerGamePacketListenerImpl/]: elixgamer_2006 moved too quickly! 0.0,397.73944160634125,0.0
[14May2025 00:29:08.905] [Server thread/WARN] [net.minecraft.server.network.ServerGamePacketListenerImpl/]: elixgamer_2006 moved too quickly! 0.0,412.66959214057476,0.0
[14May2025 00:29:24.221] [Server thread/WARN] [net.minecraft.server.network.ServerGamePacketListenerImpl/]: elixgamer_2006 moved too quickly! 0.0,397.73944160634125,0.0
[14May2025 00:29:31.951] [Server thread/WARN] [net.minecraft.server.network.ServerGamePacketListenerImpl/]: elixgamer_2006 moved too quickly! 0.0,397.73944160634125,0.0
[14May2025 00:29:39.699] [Server thread/WARN] [net.minecraft.server.network.ServerGamePacketListenerImpl/]: elixgamer_2006 moved too quickly! 0.0,397.73944160634125,0.0
[14May2025 00:29:55.074] [Server thread/WARN] [net.minecraft.server.network.ServerGamePacketListenerImpl/]: elixgamer_2006 moved too quickly! 0.0,401.4662605878482,0.0
[14May2025 00:30:02.813] [Server thread/WARN] [net.minecraft.server.network.ServerGamePacketListenerImpl/]: elixgamer_2006 moved too quickly! 0.0,397.73944160634125,0.0
[14May2025 00:30:10.594] [Server thread/WARN] [net.minecraft.server.network.ServerGamePacketListenerImpl/]: elixgamer_2006 moved too quickly! 0.0,397.73944160634125,0.0
[14May2025 00:30:18.525] [Server thread/WARN] [net.minecraft.server.network.ServerGamePacketListenerImpl/]: elixgamer_2006 moved too quickly! 0.0,397.73944160634125,0.0
[14May2025 00:30:26.347] [Server thread/WARN] [net.minecraft.server.network.ServerGamePacketListenerImpl/]: elixgamer_2006 moved too quickly! 0.0,401.4662605878482,0.0
[14May2025 00:30:34.206] [Server thread/WARN] [net.minecraft.server.network.ServerGamePacketListenerImpl/]: elixgamer_2006 moved too quickly! 0.0,397.73944160634125,0.0
[14May2025 00:30:42.124] [Server thread/WARN] [net.minecraft.server.network.ServerGamePacketListenerImpl/]: elixgamer_2006 moved too quickly! 0.0,405.19694326233434,0.0
[14May2025 00:30:57.805] [Server thread/WARN] [net.minecraft.server.network.ServerGamePacketListenerImpl/]: elixgamer_2006 moved too quickly! 0.0,401.4662605878482,0.0
[14May2025 00:31:06.355] [Server thread/WARN] [net.minecraft.server.network.ServerGamePacketListenerImpl/]: elixgamer_2006 moved too quickly! 0.0,397.73944160634125,0.0
[14May2025 00:31:14.095] [Server thread/WARN] [net.minecraft.server.network.ServerGamePacketListenerImpl/]: elixgamer_2006 moved too quickly! 0.0,397.73944160634125,0.0
[14May2025 00:31:21.874] [Server thread/WARN] [net.minecraft.server.network.ServerGamePacketListenerImpl/]: elixgamer_2006 moved too quickly! 0.0,397.73944160634125,0.0
[14May2025 00:31:29.600] [Server thread/WARN] [net.minecraft.server.network.ServerGamePacketListenerImpl/]: elixgamer_2006 moved too quickly! 0.0,401.4662605878482,0.0
[14May2025 00:31:37.255] [Server thread/WARN] [net.minecraft.server.network.ServerGamePacketListenerImpl/]: elixgamer_2006 moved too quickly! 0.0,397.73944160634125,0.0
[14May2025 00:31:45.058] [Server thread/WARN] [net.minecraft.server.network.ServerGamePacketListenerImpl/]: elixgamer_2006 moved too quickly! 0.0,405.19694326233434,0.0
[14May2025 00:32:00.405] [Server thread/WARN] [net.minecraft.server.network.ServerGamePacketListenerImpl/]: elixgamer_2006 moved too quickly! 0.0,397.73944160634125,0.0
[14May2025 00:32:08.148] [Server thread/WARN] [net.minecraft.server.network.ServerGamePacketListenerImpl/]: elixgamer_2006 moved too quickly! 0.0,397.73944160634125,0.0
[14May2025 00:32:15.908] [Server thread/WARN] [net.minecraft.server.network.ServerGamePacketListenerImpl/]: elixgamer_2006 moved too quickly! 0.0,401.4662605878482,0.0
[14May2025 00:32:23.695] [Server thread/WARN] [net.minecraft.server.network.ServerGamePacketListenerImpl/]: elixgamer_2006 moved too quickly! 0.0,397.73944160634125,0.0
[14May2025 00:32:31.443] [Server thread/WARN] [net.minecraft.server.network.ServerGamePacketListenerImpl/]: elixgamer_2006 moved too quickly! 0.0,397.73944160634125,0.0
[14May2025 00:32:39.248] [Server thread/WARN] [net.minecraft.server.network.ServerGamePacketListenerImpl/]: elixgamer_2006 moved too quickly! 0.0,397.73944160634125,0.0
[14May2025 00:32:46.948] [Server thread/WARN] [net.minecraft.server.network.ServerGamePacketListenerImpl/]: elixgamer_2006 moved too quickly! 0.0,397.73944160634125,0.0
[14May2025 00:33:02.424] [Server thread/WARN] [net.minecraft.server.network.ServerGamePacketListenerImpl/]: elixgamer_2006 moved too quickly! 0.0,397.73944160634125,0.0
[14May2025 00:33:10.085] [Server thread/WARN] [net.minecraft.server.network.ServerGamePacketListenerImpl/]: elixgamer_2006 moved too quickly! 0.0,397.73944160634125,0.0
[14May2025 00:33:17.804] [Server thread/WARN] [net.minecraft.server.network.ServerGamePacketListenerImpl/]: elixgamer_2006 moved too quickly! 0.0,397.73944160634125,0.0
[14May2025 00:33:33.160] [Server thread/WARN] [net.minecraft.server.network.ServerGamePacketListenerImpl/]: elixgamer_2006 moved too quickly! 0.0,397.73944160634125,0.0
[14May2025 00:33:40.929] [Server thread/WARN] [net.minecraft.server.network.ServerGamePacketListenerImpl/]: elixgamer_2006 moved too quickly! 0.0,397.73944160634125,0.0
[14May2025 00:33:48.937] [Server thread/WARN] [net.minecraft.server.network.ServerGamePacketListenerImpl/]: elixgamer_2006 moved too quickly! 0.0,405.19694326233434,0.0
[14May2025 00:33:56.642] [Server thread/WARN] [net.minecraft.server.network.ServerGamePacketListenerImpl/]: elixgamer_2006 moved too quickly! 0.0,397.73944160634125,0.0
[14May2025 00:34:04.314] [Server thread/WARN] [net.minecraft.server.network.ServerGamePacketListenerImpl/]: elixgamer_2006 moved too quickly! 0.0,397.73944160634125,0.0
[14May2025 00:34:12.055] [Server thread/WARN] [net.minecraft.server.network.ServerGamePacketListenerImpl/]: elixgamer_2006 moved too quickly! 0.0,397.73944160634125,0.0
[14May2025 00:34:19.810] [Server thread/WARN] [net.minecraft.server.network.ServerGamePacketListenerImpl/]: elixgamer_2006 moved too quickly! 0.0,397.73944160634125,0.0
[14May2025 00:34:27.505] [Server thread/WARN] [net.minecraft.server.network.ServerGamePacketListenerImpl/]: elixgamer_2006 moved too quickly! 0.0,397.73944160634125,0.0
[14May2025 00:34:35.274] [Server thread/WARN] [net.minecraft.server.network.ServerGamePacketListenerImpl/]: elixgamer_2006 moved too quickly! 0.0,401.4662605878482,0.0
[14May2025 00:34:42.985] [Server thread/WARN] [net.minecraft.server.network.ServerGamePacketListenerImpl/]: elixgamer_2006 moved too quickly! 0.0,401.4662605878482,0.0
[14May2025 00:34:58.450] [Server thread/WARN] [net.minecraft.server.network.ServerGamePacketListenerImpl/]: elixgamer_2006 moved too quickly! 0.0,397.73944160634125,0.0
[14May2025 00:35:06.171] [Server thread/WARN] [net.minecraft.server.network.ServerGamePacketListenerImpl/]: elixgamer_2006 moved too quickly! 0.0,401.4662605878482,0.0
[14May2025 00:35:13.906] [Server thread/WARN] [net.minecraft.server.network.ServerGamePacketListenerImpl/]: elixgamer_2006 moved too quickly! 0.0,401.4662605878482,0.0
[14May2025 00:35:21.646] [Server thread/WARN] [net.minecraft.server.network.ServerGamePacketListenerImpl/]: elixgamer_2006 moved too quickly! 0.0,397.73944160634125,0.0
[14May2025 00:35:29.412] [Server thread/WARN] [net.minecraft.server.network.ServerGamePacketListenerImpl/]: elixgamer_2006 moved too quickly! 0.0,397.73944160634125,0.0
[14May2025 00:35:44.760] [Server thread/WARN] [net.minecraft.server.network.ServerGamePacketListenerImpl/]: elixgamer_2006 moved too quickly! 0.0,397.73944160634125,0.0
[14May2025 00:35:52.461] [Server thread/WARN] [net.minecraft.server.network.ServerGamePacketListenerImpl/]: elixgamer_2006 moved too quickly! 0.0,397.73944160634125,0.0
[14May2025 00:36:09.341] [Server thread/WARN] [net.minecraft.server.network.ServerGamePacketListenerImpl/]: elixgamer_2006 moved too quickly! 0.0,405.19694326233434,0.0
[14May2025 00:36:24.748] [Server thread/WARN] [net.minecraft.server.network.ServerGamePacketListenerImpl/]: elixgamer_2006 moved too quickly! 0.0,397.73944160634125,0.0
[14May2025 00:36:32.545] [Server thread/WARN] [net.minecraft.server.network.ServerGamePacketListenerImpl/]: elixgamer_2006 moved too quickly! 0.0,397.73944160634125,0.0
[14May2025 00:36:40.343] [Server thread/WARN] [net.minecraft.server.network.ServerGamePacketListenerImpl/]: elixgamer_2006 moved too quickly! 0.0,401.4662605878482,0.0
[14May2025 00:36:55.599] [Server thread/WARN] [net.minecraft.server.network.ServerGamePacketListenerImpl/]: elixgamer_2006 moved too quickly! 0.0,397.73944160634125,0.0
[14May2025 00:37:03.271] [Server thread/WARN] [net.minecraft.server.network.ServerGamePacketListenerImpl/]: elixgamer_2006 moved too quickly! 0.0,397.73944160634125,0.0
[14May2025 00:37:11.106] [Server thread/WARN] [net.minecraft.server.network.ServerGamePacketListenerImpl/]: elixgamer_2006 moved too quickly! 0.0,405.19694326233434,0.0
[14May2025 00:37:18.820] [Server thread/WARN] [net.minecraft.server.network.ServerGamePacketListenerImpl/]: elixgamer_2006 moved too quickly! 0.0,397.73944160634125,0.0
